<?xml version="1.0" encoding="UTF-8"?>
<!-- Generated by org.testng.reporters.JUnitReportReporter -->
<testsuite hostname="DESKTOP-H4SIFHB" name="demo.LoginPoi" tests="1" failures="0" timestamp="23 May 2020 14:26:09 GMT" time="1.553" errors="0">
  <testcase name="data" time="1.553" classname="demo.LoginPoi"/>
</testsuite> <!-- demo.LoginPoi -->
